<?xml version="1.0" encoding="UTF-8"?>
<!-- Generated by org.testng.reporters.JUnitReportReporter -->
<testsuite skipped="0" hostname="BLRKEC335440D" name="com.automate.ebay.test.Sample" tests="1" failures="0" timestamp="18 Jul 2018 15:03:50 GMT" time="0.634" errors="0">
  <testcase name="verifyBlogTitle" time="0.634" classname="com.automate.ebay.test.Sample"/>
</testsuite> <!-- com.automate.ebay.test.Sample -->
