<?xml version="1.0" encoding="UTF-8"?>
<!-- Generated by org.testng.reporters.JUnitReportReporter -->
<testsuite skipped="0" hostname="BLRKEC335440D" name="com.automate.ebay.test.PurchaseTest" tests="1" failures="0" timestamp="19 Jul 2018 11:19:43 GMT" time="102.731" errors="0">
  <testcase name="toVerifyPurchasingAnItem" time="102.731" classname="com.automate.ebay.test.PurchaseTest"/>
</testsuite> <!-- com.automate.ebay.test.PurchaseTest -->
